<?xml version="1.0" encoding="UTF-8"?>
<Site BuildName="Linux-g++-9"
	BuildStamp="20230824-2315-Experimental"
	Name="mi-compu"
	Generator="ctest-3.16.3"
	CompilerName="/bin/g++-9"
	CompilerVersion="9.4.0"
	OSName="Linux"
	Hostname="mi-compu"
	OSRelease="5.15.0-79-generic"
	OSVersion="#86~20.04.2-Ubuntu SMP Mon Jul 17 23:27:17 UTC 2023"
	OSPlatform="x86_64"
	Is64Bits="1"
	VendorString="AuthenticAMD"
	VendorID="Advanced Micro Devices"
	FamilyID="23"
	ModelID="24"
	ProcessorCacheSize="512"
	NumberOfLogicalCPU="8"
	NumberOfPhysicalCPU="4"
	TotalVirtualMemory="2047"
	TotalPhysicalMemory="9852"
	LogicalProcessorsPerPhysical="2"
	ProcessorClockFrequency="2591.16"
	>
	<Testing>
		<StartDateTime>Aug 24 17:15 CST</StartDateTime>
		<StartTestTime>1692918915</StartTestTime>
		<TestList/>
		<EndDateTime>Aug 24 17:15 CST</EndDateTime>
		<EndTestTime>1692918915</EndTestTime>
		<ElapsedMinutes>0</ElapsedMinutes>
	</Testing>
</Site>
